<?xml version="1.0" encoding="UTF-8"?>
<!-- Generated by org.testng.reporters.JUnitReportReporter -->
<testsuite hostname="DESKTOP-B24ET3S" name="Parametrs.testlogin" tests="1" failures="0" timestamp="12 Jul 2019 12:07:14 GMT" time="15.067" errors="0">
  <testcase name="testlogin1" time="15.067" classname="Parametrs.testlogin"/>
</testsuite> <!-- Parametrs.testlogin -->
